TN:
SF:src/services/service.js
FN:24,(anonymous_0)
FN:31,(anonymous_1)
FN:38,(anonymous_2)
FN:50,(anonymous_3)
FN:85,(anonymous_4)
FN:97,(anonymous_5)
FN:111,(anonymous_6)
FN:197,(anonymous_7)
FN:208,(anonymous_8)
FN:224,(anonymous_9)
FN:233,(anonymous_10)
FN:237,(anonymous_11)
FN:239,(anonymous_12)
FN:240,(anonymous_13)
FNF:14
FNH:14
FNDA:3,(anonymous_0)
FNDA:3,(anonymous_1)
FNDA:3,(anonymous_2)
FNDA:13,(anonymous_3)
FNDA:1,(anonymous_4)
FNDA:19,(anonymous_5)
FNDA:11,(anonymous_6)
FNDA:1,(anonymous_7)
FNDA:5,(anonymous_8)
FNDA:12,(anonymous_9)
FNDA:11,(anonymous_10)
FNDA:10,(anonymous_11)
FNDA:10,(anonymous_12)
FNDA:10,(anonymous_13)
DA:24,5
DA:25,3
DA:31,5
DA:32,3
DA:38,5
DA:39,3
DA:50,5
DA:51,13
DA:53,6
DA:54,6
DA:56,6
DA:85,5
DA:86,1
DA:94,5
DA:97,5
DA:98,19
DA:100,13
DA:106,12
DA:107,2
DA:110,10
DA:111,11
DA:114,10
DA:115,3
DA:118,7
DA:119,7
DA:120,7
DA:122,7
DA:123,8
DA:125,8
DA:130,8
DA:131,8
DA:133,8
DA:189,7
DA:194,7
DA:197,6
DA:198,1
DA:205,6
DA:208,5
DA:209,5
DA:224,5
DA:225,12
DA:227,12
DA:228,1
DA:233,11
DA:234,11
DA:238,10
DA:239,10
DA:240,10
DA:244,11
DA:245,11
DA:248,10
DA:250,9
DA:251,1
DA:254,8
DA:255,8
DA:257,8
DA:258,46
DA:263,35
DA:266,11
DA:267,11
DA:269,11
DA:270,11
DA:271,0
DA:272,0
DA:275,11
DA:276,11
DA:285,8
DA:286,7
DA:289,7
LF:69
LH:67
BRDA:106,0,0,2
BRDA:106,0,1,10
BRDA:114,1,0,3
BRDA:114,1,1,7
BRDA:123,2,0,0
BRDA:123,2,1,8
BRDA:224,3,0,0
BRDA:227,4,0,1
BRDA:227,4,1,11
BRDA:250,5,0,1
BRDA:250,5,1,8
BRDA:258,6,0,35
BRDA:258,6,1,11
BRDA:259,7,0,46
BRDA:259,7,1,19
BRDA:259,7,2,15
BRDA:269,8,0,11
BRDA:269,8,1,0
BRDA:271,9,0,0
BRDA:271,9,1,0
BRDA:275,10,0,11
BRDA:275,10,1,0
BRDA:285,11,0,7
BRDA:285,11,1,1
BRF:24
BRH:18
end_of_record
